<?xml version="1.0" encoding="UTF-8"?>
<testsuite xmlns:xsi="http://www.w3.org/2001/XMLSchema-instance" xsi:noNamespaceSchemaLocation="https://maven.apache.org/surefire/maven-surefire-plugin/xsd/surefire-test-report.xsd" name="cn.itcast.hotel.HotelDemoApplicationTests" time="0.985" tests="1" errors="1" skipped="0" failures="0">
  <properties>
    <property name="gopherProxySet" value="false"/>
    <property name="awt.toolkit" value="sun.lwawt.macosx.LWCToolkit"/>
    <property name="file.encoding.pkg" value="sun.io"/>
    <property name="java.specification.version" value="1.8"/>
    <property name="sun.cpu.isalist" value=""/>
    <property name="sun.jnu.encoding" value="UTF-8"/>
    <property name="java.class.path" value="/Users/yuyayong/Documents/study/javaES/hotel-demo/target/test-classes:/Users/yuyayong/Documents/study/javaES/hotel-demo/target/classes:/Users/yuyayong/.m2/maven3.9.8--repository/org/springframework/boot/spring-boot-starter-web/2.3.10.RELEASE/spring-boot-starter-web-2.3.10.RELEASE.jar:/Users/yuyayong/.m2/maven3.9.8--repository/org/springframework/boot/spring-boot-starter/2.3.10.RELEASE/spring-boot-starter-2.3.10.RELEASE.jar:/Users/yuyayong/.m2/maven3.9.8--repository/org/springframework/boot/spring-boot/2.3.10.RELEASE/spring-boot-2.3.10.RELEASE.jar:/Users/yuyayong/.m2/maven3.9.8--repository/org/springframework/boot/spring-boot-starter-logging/2.3.10.RELEASE/spring-boot-starter-logging-2.3.10.RELEASE.jar:/Users/yuyayong/.m2/maven3.9.8--repository/ch/qos/logback/logback-classic/1.2.3/logback-classic-1.2.3.jar:/Users/yuyayong/.m2/maven3.9.8--repository/ch/qos/logback/logback-core/1.2.3/logback-core-1.2.3.jar:/Users/yuyayong/.m2/maven3.9.8--repository/org/apache/logging/log4j/log4j-to-slf4j/2.13.3/log4j-to-slf4j-2.13.3.jar:/Users/yuyayong/.m2/maven3.9.8--repository/org/slf4j/jul-to-slf4j/1.7.30/jul-to-slf4j-1.7.30.jar:/Users/yuyayong/.m2/maven3.9.8--repository/jakarta/annotation/jakarta.annotation-api/1.3.5/jakarta.annotation-api-1.3.5.jar:/Users/yuyayong/.m2/maven3.9.8--repository/org/yaml/snakeyaml/1.26/snakeyaml-1.26.jar:/Users/yuyayong/.m2/maven3.9.8--repository/org/springframework/boot/spring-boot-starter-json/2.3.10.RELEASE/spring-boot-starter-json-2.3.10.RELEASE.jar:/Users/yuyayong/.m2/maven3.9.8--repository/com/fasterxml/jackson/core/jackson-databind/2.11.4/jackson-databind-2.11.4.jar:/Users/yuyayong/.m2/maven3.9.8--repository/com/fasterxml/jackson/core/jackson-annotations/2.11.4/jackson-annotations-2.11.4.jar:/Users/yuyayong/.m2/maven3.9.8--repository/com/fasterxml/jackson/core/jackson-core/2.11.4/jackson-core-2.11.4.jar:/Users/yuyayong/.m2/maven3.9.8--repository/com/fasterxml/jackson/datatype/jackson-datatype-jdk8/2.11.4/jackson-datatype-jdk8-2.11.4.jar:/Users/yuyayong/.m2/maven3.9.8--repository/com/fasterxml/jackson/datatype/jackson-datatype-jsr310/2.11.4/jackson-datatype-jsr310-2.11.4.jar:/Users/yuyayong/.m2/maven3.9.8--repository/com/fasterxml/jackson/module/jackson-module-parameter-names/2.11.4/jackson-module-parameter-names-2.11.4.jar:/Users/yuyayong/.m2/maven3.9.8--repository/org/springframework/boot/spring-boot-starter-tomcat/2.3.10.RELEASE/spring-boot-starter-tomcat-2.3.10.RELEASE.jar:/Users/yuyayong/.m2/maven3.9.8--repository/org/apache/tomcat/embed/tomcat-embed-core/9.0.45/tomcat-embed-core-9.0.45.jar:/Users/yuyayong/.m2/maven3.9.8--repository/org/glassfish/jakarta.el/3.0.3/jakarta.el-3.0.3.jar:/Users/yuyayong/.m2/maven3.9.8--repository/org/apache/tomcat/embed/tomcat-embed-websocket/9.0.45/tomcat-embed-websocket-9.0.45.jar:/Users/yuyayong/.m2/maven3.9.8--repository/org/springframework/spring-web/5.2.14.RELEASE/spring-web-5.2.14.RELEASE.jar:/Users/yuyayong/.m2/maven3.9.8--repository/org/springframework/spring-beans/5.2.14.RELEASE/spring-beans-5.2.14.RELEASE.jar:/Users/yuyayong/.m2/maven3.9.8--repository/org/springframework/spring-webmvc/5.2.14.RELEASE/spring-webmvc-5.2.14.RELEASE.jar:/Users/yuyayong/.m2/maven3.9.8--repository/org/springframework/spring-aop/5.2.14.RELEASE/spring-aop-5.2.14.RELEASE.jar:/Users/yuyayong/.m2/maven3.9.8--repository/org/springframework/spring-context/5.2.14.RELEASE/spring-context-5.2.14.RELEASE.jar:/Users/yuyayong/.m2/maven3.9.8--repository/org/springframework/spring-expression/5.2.14.RELEASE/spring-expression-5.2.14.RELEASE.jar:/Users/yuyayong/.m2/maven3.9.8--repository/com/baomidou/mybatis-plus-boot-starter/3.4.2/mybatis-plus-boot-starter-3.4.2.jar:/Users/yuyayong/.m2/maven3.9.8--repository/com/baomidou/mybatis-plus/3.4.2/mybatis-plus-3.4.2.jar:/Users/yuyayong/.m2/maven3.9.8--repository/com/baomidou/mybatis-plus-extension/3.4.2/mybatis-plus-extension-3.4.2.jar:/Users/yuyayong/.m2/maven3.9.8--repository/com/baomidou/mybatis-plus-core/3.4.2/mybatis-plus-core-3.4.2.jar:/Users/yuyayong/.m2/maven3.9.8--repository/com/baomidou/mybatis-plus-annotation/3.4.2/mybatis-plus-annotation-3.4.2.jar:/Users/yuyayong/.m2/maven3.9.8--repository/com/github/jsqlparser/jsqlparser/4.0/jsqlparser-4.0.jar:/Users/yuyayong/.m2/maven3.9.8--repository/org/mybatis/mybatis/3.5.6/mybatis-3.5.6.jar:/Users/yuyayong/.m2/maven3.9.8--repository/org/mybatis/mybatis-spring/2.0.5/mybatis-spring-2.0.5.jar:/Users/yuyayong/.m2/maven3.9.8--repository/org/springframework/boot/spring-boot-autoconfigure/2.3.10.RELEASE/spring-boot-autoconfigure-2.3.10.RELEASE.jar:/Users/yuyayong/.m2/maven3.9.8--repository/org/springframework/boot/spring-boot-starter-jdbc/2.3.10.RELEASE/spring-boot-starter-jdbc-2.3.10.RELEASE.jar:/Users/yuyayong/.m2/maven3.9.8--repository/com/zaxxer/HikariCP/3.4.5/HikariCP-3.4.5.jar:/Users/yuyayong/.m2/maven3.9.8--repository/org/springframework/spring-jdbc/5.2.14.RELEASE/spring-jdbc-5.2.14.RELEASE.jar:/Users/yuyayong/.m2/maven3.9.8--repository/org/springframework/spring-tx/5.2.14.RELEASE/spring-tx-5.2.14.RELEASE.jar:/Users/yuyayong/.m2/maven3.9.8--repository/com/mysql/mysql-connector-j/8.0.32/mysql-connector-j-8.0.32.jar:/Users/yuyayong/.m2/maven3.9.8--repository/org/projectlombok/lombok/1.18.20/lombok-1.18.20.jar:/Users/yuyayong/.m2/maven3.9.8--repository/org/springframework/boot/spring-boot-starter-test/2.3.10.RELEASE/spring-boot-starter-test-2.3.10.RELEASE.jar:/Users/yuyayong/.m2/maven3.9.8--repository/org/springframework/boot/spring-boot-test/2.3.10.RELEASE/spring-boot-test-2.3.10.RELEASE.jar:/Users/yuyayong/.m2/maven3.9.8--repository/org/springframework/boot/spring-boot-test-autoconfigure/2.3.10.RELEASE/spring-boot-test-autoconfigure-2.3.10.RELEASE.jar:/Users/yuyayong/.m2/maven3.9.8--repository/com/jayway/jsonpath/json-path/2.4.0/json-path-2.4.0.jar:/Users/yuyayong/.m2/maven3.9.8--repository/net/minidev/json-smart/2.3/json-smart-2.3.jar:/Users/yuyayong/.m2/maven3.9.8--repository/net/minidev/accessors-smart/1.2/accessors-smart-1.2.jar:/Users/yuyayong/.m2/maven3.9.8--repository/org/ow2/asm/asm/5.0.4/asm-5.0.4.jar:/Users/yuyayong/.m2/maven3.9.8--repository/org/slf4j/slf4j-api/1.7.30/slf4j-api-1.7.30.jar:/Users/yuyayong/.m2/maven3.9.8--repository/jakarta/xml/bind/jakarta.xml.bind-api/2.3.3/jakarta.xml.bind-api-2.3.3.jar:/Users/yuyayong/.m2/maven3.9.8--repository/jakarta/activation/jakarta.activation-api/1.2.2/jakarta.activation-api-1.2.2.jar:/Users/yuyayong/.m2/maven3.9.8--repository/org/assertj/assertj-core/3.16.1/assertj-core-3.16.1.jar:/Users/yuyayong/.m2/maven3.9.8--repository/org/hamcrest/hamcrest/2.2/hamcrest-2.2.jar:/Users/yuyayong/.m2/maven3.9.8--repository/org/junit/jupiter/junit-jupiter/5.6.3/junit-jupiter-5.6.3.jar:/Users/yuyayong/.m2/maven3.9.8--repository/org/junit/jupiter/junit-jupiter-api/5.6.3/junit-jupiter-api-5.6.3.jar:/Users/yuyayong/.m2/maven3.9.8--repository/org/apiguardian/apiguardian-api/1.1.0/apiguardian-api-1.1.0.jar:/Users/yuyayong/.m2/maven3.9.8--repository/org/opentest4j/opentest4j/1.2.0/opentest4j-1.2.0.jar:/Users/yuyayong/.m2/maven3.9.8--repository/org/junit/platform/junit-platform-commons/1.6.3/junit-platform-commons-1.6.3.jar:/Users/yuyayong/.m2/maven3.9.8--repository/org/junit/jupiter/junit-jupiter-params/5.6.3/junit-jupiter-params-5.6.3.jar:/Users/yuyayong/.m2/maven3.9.8--repository/org/junit/jupiter/junit-jupiter-engine/5.6.3/junit-jupiter-engine-5.6.3.jar:/Users/yuyayong/.m2/maven3.9.8--repository/org/junit/platform/junit-platform-engine/1.6.3/junit-platform-engine-1.6.3.jar:/Users/yuyayong/.m2/maven3.9.8--repository/org/mockito/mockito-core/3.3.3/mockito-core-3.3.3.jar:/Users/yuyayong/.m2/maven3.9.8--repository/net/bytebuddy/byte-buddy/1.10.22/byte-buddy-1.10.22.jar:/Users/yuyayong/.m2/maven3.9.8--repository/net/bytebuddy/byte-buddy-agent/1.10.22/byte-buddy-agent-1.10.22.jar:/Users/yuyayong/.m2/maven3.9.8--repository/org/objenesis/objenesis/2.6/objenesis-2.6.jar:/Users/yuyayong/.m2/maven3.9.8--repository/org/mockito/mockito-junit-jupiter/3.3.3/mockito-junit-jupiter-3.3.3.jar:/Users/yuyayong/.m2/maven3.9.8--repository/org/skyscreamer/jsonassert/1.5.0/jsonassert-1.5.0.jar:/Users/yuyayong/.m2/maven3.9.8--repository/com/vaadin/external/google/android-json/0.0.20131108.vaadin1/android-json-0.0.20131108.vaadin1.jar:/Users/yuyayong/.m2/maven3.9.8--repository/org/springframework/spring-core/5.2.14.RELEASE/spring-core-5.2.14.RELEASE.jar:/Users/yuyayong/.m2/maven3.9.8--repository/org/springframework/spring-jcl/5.2.14.RELEASE/spring-jcl-5.2.14.RELEASE.jar:/Users/yuyayong/.m2/maven3.9.8--repository/org/springframework/spring-test/5.2.14.RELEASE/spring-test-5.2.14.RELEASE.jar:/Users/yuyayong/.m2/maven3.9.8--repository/org/xmlunit/xmlunit-core/2.7.0/xmlunit-core-2.7.0.jar:/Users/yuyayong/.m2/maven3.9.8--repository/com/alibaba/fastjson/1.2.83/fastjson-1.2.83.jar:/Users/yuyayong/.m2/maven3.9.8--repository/org/apache/commons/commons-lang3/3.10/commons-lang3-3.10.jar:/Users/yuyayong/.m2/maven3.9.8--repository/org/elasticsearch/client/elasticsearch-rest-high-level-client/7.12.1/elasticsearch-rest-high-level-client-7.12.1.jar:/Users/yuyayong/.m2/maven3.9.8--repository/org/elasticsearch/elasticsearch/7.12.1/elasticsearch-7.12.1.jar:/Users/yuyayong/.m2/maven3.9.8--repository/org/elasticsearch/elasticsearch-core/7.12.1/elasticsearch-core-7.12.1.jar:/Users/yuyayong/.m2/maven3.9.8--repository/org/elasticsearch/elasticsearch-secure-sm/7.12.1/elasticsearch-secure-sm-7.12.1.jar:/Users/yuyayong/.m2/maven3.9.8--repository/org/elasticsearch/elasticsearch-x-content/7.12.1/elasticsearch-x-content-7.12.1.jar:/Users/yuyayong/.m2/maven3.9.8--repository/com/fasterxml/jackson/dataformat/jackson-dataformat-smile/2.11.4/jackson-dataformat-smile-2.11.4.jar:/Users/yuyayong/.m2/maven3.9.8--repository/com/fasterxml/jackson/dataformat/jackson-dataformat-yaml/2.11.4/jackson-dataformat-yaml-2.11.4.jar:/Users/yuyayong/.m2/maven3.9.8--repository/com/fasterxml/jackson/dataformat/jackson-dataformat-cbor/2.11.4/jackson-dataformat-cbor-2.11.4.jar:/Users/yuyayong/.m2/maven3.9.8--repository/org/elasticsearch/elasticsearch-geo/7.12.1/elasticsearch-geo-7.12.1.jar:/Users/yuyayong/.m2/maven3.9.8--repository/org/apache/lucene/lucene-core/8.8.0/lucene-core-8.8.0.jar:/Users/yuyayong/.m2/maven3.9.8--repository/org/apache/lucene/lucene-analyzers-common/8.8.0/lucene-analyzers-common-8.8.0.jar:/Users/yuyayong/.m2/maven3.9.8--repository/org/apache/lucene/lucene-backward-codecs/8.8.0/lucene-backward-codecs-8.8.0.jar:/Users/yuyayong/.m2/maven3.9.8--repository/org/apache/lucene/lucene-grouping/8.8.0/lucene-grouping-8.8.0.jar:/Users/yuyayong/.m2/maven3.9.8--repository/org/apache/lucene/lucene-highlighter/8.8.0/lucene-highlighter-8.8.0.jar:/Users/yuyayong/.m2/maven3.9.8--repository/org/apache/lucene/lucene-join/8.8.0/lucene-join-8.8.0.jar:/Users/yuyayong/.m2/maven3.9.8--repository/org/apache/lucene/lucene-memory/8.8.0/lucene-memory-8.8.0.jar:/Users/yuyayong/.m2/maven3.9.8--repository/org/apache/lucene/lucene-misc/8.8.0/lucene-misc-8.8.0.jar:/Users/yuyayong/.m2/maven3.9.8--repository/org/apache/lucene/lucene-queries/8.8.0/lucene-queries-8.8.0.jar:/Users/yuyayong/.m2/maven3.9.8--repository/org/apache/lucene/lucene-queryparser/8.8.0/lucene-queryparser-8.8.0.jar:/Users/yuyayong/.m2/maven3.9.8--repository/org/apache/lucene/lucene-sandbox/8.8.0/lucene-sandbox-8.8.0.jar:/Users/yuyayong/.m2/maven3.9.8--repository/org/apache/lucene/lucene-spatial-extras/8.8.0/lucene-spatial-extras-8.8.0.jar:/Users/yuyayong/.m2/maven3.9.8--repository/org/apache/lucene/lucene-spatial3d/8.8.0/lucene-spatial3d-8.8.0.jar:/Users/yuyayong/.m2/maven3.9.8--repository/org/apache/lucene/lucene-suggest/8.8.0/lucene-suggest-8.8.0.jar:/Users/yuyayong/.m2/maven3.9.8--repository/org/elasticsearch/elasticsearch-cli/7.12.1/elasticsearch-cli-7.12.1.jar:/Users/yuyayong/.m2/maven3.9.8--repository/net/sf/jopt-simple/jopt-simple/5.0.2/jopt-simple-5.0.2.jar:/Users/yuyayong/.m2/maven3.9.8--repository/com/carrotsearch/hppc/0.8.1/hppc-0.8.1.jar:/Users/yuyayong/.m2/maven3.9.8--repository/joda-time/joda-time/2.10.4/joda-time-2.10.4.jar:/Users/yuyayong/.m2/maven3.9.8--repository/com/tdunning/t-digest/3.2/t-digest-3.2.jar:/Users/yuyayong/.m2/maven3.9.8--repository/org/hdrhistogram/HdrHistogram/2.1.9/HdrHistogram-2.1.9.jar:/Users/yuyayong/.m2/maven3.9.8--repository/org/apache/logging/log4j/log4j-api/2.13.3/log4j-api-2.13.3.jar:/Users/yuyayong/.m2/maven3.9.8--repository/org/elasticsearch/jna/5.7.0-1/jna-5.7.0-1.jar:/Users/yuyayong/.m2/maven3.9.8--repository/org/elasticsearch/elasticsearch-plugin-classloader/7.12.1/elasticsearch-plugin-classloader-7.12.1.jar:/Users/yuyayong/.m2/maven3.9.8--repository/org/elasticsearch/client/elasticsearch-rest-client/7.12.1/elasticsearch-rest-client-7.12.1.jar:/Users/yuyayong/.m2/maven3.9.8--repository/org/apache/httpcomponents/httpclient/4.5.13/httpclient-4.5.13.jar:/Users/yuyayong/.m2/maven3.9.8--repository/org/apache/httpcomponents/httpcore/4.4.14/httpcore-4.4.14.jar:/Users/yuyayong/.m2/maven3.9.8--repository/org/apache/httpcomponents/httpasyncclient/4.1.4/httpasyncclient-4.1.4.jar:/Users/yuyayong/.m2/maven3.9.8--repository/org/apache/httpcomponents/httpcore-nio/4.4.14/httpcore-nio-4.4.14.jar:/Users/yuyayong/.m2/maven3.9.8--repository/commons-codec/commons-codec/1.14/commons-codec-1.14.jar:/Users/yuyayong/.m2/maven3.9.8--repository/org/elasticsearch/plugin/mapper-extras-client/7.12.1/mapper-extras-client-7.12.1.jar:/Users/yuyayong/.m2/maven3.9.8--repository/org/elasticsearch/plugin/parent-join-client/7.12.1/parent-join-client-7.12.1.jar:/Users/yuyayong/.m2/maven3.9.8--repository/org/elasticsearch/plugin/aggs-matrix-stats-client/7.12.1/aggs-matrix-stats-client-7.12.1.jar:/Users/yuyayong/.m2/maven3.9.8--repository/org/elasticsearch/plugin/rank-eval-client/7.12.1/rank-eval-client-7.12.1.jar:/Users/yuyayong/.m2/maven3.9.8--repository/org/elasticsearch/plugin/lang-mustache-client/7.12.1/lang-mustache-client-7.12.1.jar:/Users/yuyayong/.m2/maven3.9.8--repository/com/github/spullara/mustache/java/compiler/0.9.6/compiler-0.9.6.jar:"/>
    <property name="java.vm.vendor" value="Oracle Corporation"/>
    <property name="sun.arch.data.model" value="64"/>
    <property name="java.vendor.url" value="http://java.oracle.com/"/>
    <property name="user.timezone" value=""/>
    <property name="java.vm.specification.version" value="1.8"/>
    <property name="os.name" value="Mac OS X"/>
    <property name="user.country" value="CN"/>
    <property name="sun.java.launcher" value="SUN_STANDARD"/>
    <property name="sun.boot.library.path" value="/Library/Java/JavaVirtualMachines/jdk-1.8.jdk/Contents/Home/jre/lib"/>
    <property name="sun.java.command" value="/Users/yuyayong/Documents/study/javaES/hotel-demo/target/surefire/surefirebooter5333690895984947172.jar /Users/yuyayong/Documents/study/javaES/hotel-demo/target/surefire 2024-11-29T20-38-23_046-jvmRun1 surefire1836229331609108010tmp surefire_06238643577796071796tmp"/>
    <property name="surefire.test.class.path" value="/Users/yuyayong/Documents/study/javaES/hotel-demo/target/test-classes:/Users/yuyayong/Documents/study/javaES/hotel-demo/target/classes:/Users/yuyayong/.m2/maven3.9.8--repository/org/springframework/boot/spring-boot-starter-web/2.3.10.RELEASE/spring-boot-starter-web-2.3.10.RELEASE.jar:/Users/yuyayong/.m2/maven3.9.8--repository/org/springframework/boot/spring-boot-starter/2.3.10.RELEASE/spring-boot-starter-2.3.10.RELEASE.jar:/Users/yuyayong/.m2/maven3.9.8--repository/org/springframework/boot/spring-boot/2.3.10.RELEASE/spring-boot-2.3.10.RELEASE.jar:/Users/yuyayong/.m2/maven3.9.8--repository/org/springframework/boot/spring-boot-starter-logging/2.3.10.RELEASE/spring-boot-starter-logging-2.3.10.RELEASE.jar:/Users/yuyayong/.m2/maven3.9.8--repository/ch/qos/logback/logback-classic/1.2.3/logback-classic-1.2.3.jar:/Users/yuyayong/.m2/maven3.9.8--repository/ch/qos/logback/logback-core/1.2.3/logback-core-1.2.3.jar:/Users/yuyayong/.m2/maven3.9.8--repository/org/apache/logging/log4j/log4j-to-slf4j/2.13.3/log4j-to-slf4j-2.13.3.jar:/Users/yuyayong/.m2/maven3.9.8--repository/org/slf4j/jul-to-slf4j/1.7.30/jul-to-slf4j-1.7.30.jar:/Users/yuyayong/.m2/maven3.9.8--repository/jakarta/annotation/jakarta.annotation-api/1.3.5/jakarta.annotation-api-1.3.5.jar:/Users/yuyayong/.m2/maven3.9.8--repository/org/yaml/snakeyaml/1.26/snakeyaml-1.26.jar:/Users/yuyayong/.m2/maven3.9.8--repository/org/springframework/boot/spring-boot-starter-json/2.3.10.RELEASE/spring-boot-starter-json-2.3.10.RELEASE.jar:/Users/yuyayong/.m2/maven3.9.8--repository/com/fasterxml/jackson/core/jackson-databind/2.11.4/jackson-databind-2.11.4.jar:/Users/yuyayong/.m2/maven3.9.8--repository/com/fasterxml/jackson/core/jackson-annotations/2.11.4/jackson-annotations-2.11.4.jar:/Users/yuyayong/.m2/maven3.9.8--repository/com/fasterxml/jackson/core/jackson-core/2.11.4/jackson-core-2.11.4.jar:/Users/yuyayong/.m2/maven3.9.8--repository/com/fasterxml/jackson/datatype/jackson-datatype-jdk8/2.11.4/jackson-datatype-jdk8-2.11.4.jar:/Users/yuyayong/.m2/maven3.9.8--repository/com/fasterxml/jackson/datatype/jackson-datatype-jsr310/2.11.4/jackson-datatype-jsr310-2.11.4.jar:/Users/yuyayong/.m2/maven3.9.8--repository/com/fasterxml/jackson/module/jackson-module-parameter-names/2.11.4/jackson-module-parameter-names-2.11.4.jar:/Users/yuyayong/.m2/maven3.9.8--repository/org/springframework/boot/spring-boot-starter-tomcat/2.3.10.RELEASE/spring-boot-starter-tomcat-2.3.10.RELEASE.jar:/Users/yuyayong/.m2/maven3.9.8--repository/org/apache/tomcat/embed/tomcat-embed-core/9.0.45/tomcat-embed-core-9.0.45.jar:/Users/yuyayong/.m2/maven3.9.8--repository/org/glassfish/jakarta.el/3.0.3/jakarta.el-3.0.3.jar:/Users/yuyayong/.m2/maven3.9.8--repository/org/apache/tomcat/embed/tomcat-embed-websocket/9.0.45/tomcat-embed-websocket-9.0.45.jar:/Users/yuyayong/.m2/maven3.9.8--repository/org/springframework/spring-web/5.2.14.RELEASE/spring-web-5.2.14.RELEASE.jar:/Users/yuyayong/.m2/maven3.9.8--repository/org/springframework/spring-beans/5.2.14.RELEASE/spring-beans-5.2.14.RELEASE.jar:/Users/yuyayong/.m2/maven3.9.8--repository/org/springframework/spring-webmvc/5.2.14.RELEASE/spring-webmvc-5.2.14.RELEASE.jar:/Users/yuyayong/.m2/maven3.9.8--repository/org/springframework/spring-aop/5.2.14.RELEASE/spring-aop-5.2.14.RELEASE.jar:/Users/yuyayong/.m2/maven3.9.8--repository/org/springframework/spring-context/5.2.14.RELEASE/spring-context-5.2.14.RELEASE.jar:/Users/yuyayong/.m2/maven3.9.8--repository/org/springframework/spring-expression/5.2.14.RELEASE/spring-expression-5.2.14.RELEASE.jar:/Users/yuyayong/.m2/maven3.9.8--repository/com/baomidou/mybatis-plus-boot-starter/3.4.2/mybatis-plus-boot-starter-3.4.2.jar:/Users/yuyayong/.m2/maven3.9.8--repository/com/baomidou/mybatis-plus/3.4.2/mybatis-plus-3.4.2.jar:/Users/yuyayong/.m2/maven3.9.8--repository/com/baomidou/mybatis-plus-extension/3.4.2/mybatis-plus-extension-3.4.2.jar:/Users/yuyayong/.m2/maven3.9.8--repository/com/baomidou/mybatis-plus-core/3.4.2/mybatis-plus-core-3.4.2.jar:/Users/yuyayong/.m2/maven3.9.8--repository/com/baomidou/mybatis-plus-annotation/3.4.2/mybatis-plus-annotation-3.4.2.jar:/Users/yuyayong/.m2/maven3.9.8--repository/com/github/jsqlparser/jsqlparser/4.0/jsqlparser-4.0.jar:/Users/yuyayong/.m2/maven3.9.8--repository/org/mybatis/mybatis/3.5.6/mybatis-3.5.6.jar:/Users/yuyayong/.m2/maven3.9.8--repository/org/mybatis/mybatis-spring/2.0.5/mybatis-spring-2.0.5.jar:/Users/yuyayong/.m2/maven3.9.8--repository/org/springframework/boot/spring-boot-autoconfigure/2.3.10.RELEASE/spring-boot-autoconfigure-2.3.10.RELEASE.jar:/Users/yuyayong/.m2/maven3.9.8--repository/org/springframework/boot/spring-boot-starter-jdbc/2.3.10.RELEASE/spring-boot-starter-jdbc-2.3.10.RELEASE.jar:/Users/yuyayong/.m2/maven3.9.8--repository/com/zaxxer/HikariCP/3.4.5/HikariCP-3.4.5.jar:/Users/yuyayong/.m2/maven3.9.8--repository/org/springframework/spring-jdbc/5.2.14.RELEASE/spring-jdbc-5.2.14.RELEASE.jar:/Users/yuyayong/.m2/maven3.9.8--repository/org/springframework/spring-tx/5.2.14.RELEASE/spring-tx-5.2.14.RELEASE.jar:/Users/yuyayong/.m2/maven3.9.8--repository/com/mysql/mysql-connector-j/8.0.32/mysql-connector-j-8.0.32.jar:/Users/yuyayong/.m2/maven3.9.8--repository/org/projectlombok/lombok/1.18.20/lombok-1.18.20.jar:/Users/yuyayong/.m2/maven3.9.8--repository/org/springframework/boot/spring-boot-starter-test/2.3.10.RELEASE/spring-boot-starter-test-2.3.10.RELEASE.jar:/Users/yuyayong/.m2/maven3.9.8--repository/org/springframework/boot/spring-boot-test/2.3.10.RELEASE/spring-boot-test-2.3.10.RELEASE.jar:/Users/yuyayong/.m2/maven3.9.8--repository/org/springframework/boot/spring-boot-test-autoconfigure/2.3.10.RELEASE/spring-boot-test-autoconfigure-2.3.10.RELEASE.jar:/Users/yuyayong/.m2/maven3.9.8--repository/com/jayway/jsonpath/json-path/2.4.0/json-path-2.4.0.jar:/Users/yuyayong/.m2/maven3.9.8--repository/net/minidev/json-smart/2.3/json-smart-2.3.jar:/Users/yuyayong/.m2/maven3.9.8--repository/net/minidev/accessors-smart/1.2/accessors-smart-1.2.jar:/Users/yuyayong/.m2/maven3.9.8--repository/org/ow2/asm/asm/5.0.4/asm-5.0.4.jar:/Users/yuyayong/.m2/maven3.9.8--repository/org/slf4j/slf4j-api/1.7.30/slf4j-api-1.7.30.jar:/Users/yuyayong/.m2/maven3.9.8--repository/jakarta/xml/bind/jakarta.xml.bind-api/2.3.3/jakarta.xml.bind-api-2.3.3.jar:/Users/yuyayong/.m2/maven3.9.8--repository/jakarta/activation/jakarta.activation-api/1.2.2/jakarta.activation-api-1.2.2.jar:/Users/yuyayong/.m2/maven3.9.8--repository/org/assertj/assertj-core/3.16.1/assertj-core-3.16.1.jar:/Users/yuyayong/.m2/maven3.9.8--repository/org/hamcrest/hamcrest/2.2/hamcrest-2.2.jar:/Users/yuyayong/.m2/maven3.9.8--repository/org/junit/jupiter/junit-jupiter/5.6.3/junit-jupiter-5.6.3.jar:/Users/yuyayong/.m2/maven3.9.8--repository/org/junit/jupiter/junit-jupiter-api/5.6.3/junit-jupiter-api-5.6.3.jar:/Users/yuyayong/.m2/maven3.9.8--repository/org/apiguardian/apiguardian-api/1.1.0/apiguardian-api-1.1.0.jar:/Users/yuyayong/.m2/maven3.9.8--repository/org/opentest4j/opentest4j/1.2.0/opentest4j-1.2.0.jar:/Users/yuyayong/.m2/maven3.9.8--repository/org/junit/platform/junit-platform-commons/1.6.3/junit-platform-commons-1.6.3.jar:/Users/yuyayong/.m2/maven3.9.8--repository/org/junit/jupiter/junit-jupiter-params/5.6.3/junit-jupiter-params-5.6.3.jar:/Users/yuyayong/.m2/maven3.9.8--repository/org/junit/jupiter/junit-jupiter-engine/5.6.3/junit-jupiter-engine-5.6.3.jar:/Users/yuyayong/.m2/maven3.9.8--repository/org/junit/platform/junit-platform-engine/1.6.3/junit-platform-engine-1.6.3.jar:/Users/yuyayong/.m2/maven3.9.8--repository/org/mockito/mockito-core/3.3.3/mockito-core-3.3.3.jar:/Users/yuyayong/.m2/maven3.9.8--repository/net/bytebuddy/byte-buddy/1.10.22/byte-buddy-1.10.22.jar:/Users/yuyayong/.m2/maven3.9.8--repository/net/bytebuddy/byte-buddy-agent/1.10.22/byte-buddy-agent-1.10.22.jar:/Users/yuyayong/.m2/maven3.9.8--repository/org/objenesis/objenesis/2.6/objenesis-2.6.jar:/Users/yuyayong/.m2/maven3.9.8--repository/org/mockito/mockito-junit-jupiter/3.3.3/mockito-junit-jupiter-3.3.3.jar:/Users/yuyayong/.m2/maven3.9.8--repository/org/skyscreamer/jsonassert/1.5.0/jsonassert-1.5.0.jar:/Users/yuyayong/.m2/maven3.9.8--repository/com/vaadin/external/google/android-json/0.0.20131108.vaadin1/android-json-0.0.20131108.vaadin1.jar:/Users/yuyayong/.m2/maven3.9.8--repository/org/springframework/spring-core/5.2.14.RELEASE/spring-core-5.2.14.RELEASE.jar:/Users/yuyayong/.m2/maven3.9.8--repository/org/springframework/spring-jcl/5.2.14.RELEASE/spring-jcl-5.2.14.RELEASE.jar:/Users/yuyayong/.m2/maven3.9.8--repository/org/springframework/spring-test/5.2.14.RELEASE/spring-test-5.2.14.RELEASE.jar:/Users/yuyayong/.m2/maven3.9.8--repository/org/xmlunit/xmlunit-core/2.7.0/xmlunit-core-2.7.0.jar:/Users/yuyayong/.m2/maven3.9.8--repository/com/alibaba/fastjson/1.2.83/fastjson-1.2.83.jar:/Users/yuyayong/.m2/maven3.9.8--repository/org/apache/commons/commons-lang3/3.10/commons-lang3-3.10.jar:/Users/yuyayong/.m2/maven3.9.8--repository/org/elasticsearch/client/elasticsearch-rest-high-level-client/7.12.1/elasticsearch-rest-high-level-client-7.12.1.jar:/Users/yuyayong/.m2/maven3.9.8--repository/org/elasticsearch/elasticsearch/7.12.1/elasticsearch-7.12.1.jar:/Users/yuyayong/.m2/maven3.9.8--repository/org/elasticsearch/elasticsearch-core/7.12.1/elasticsearch-core-7.12.1.jar:/Users/yuyayong/.m2/maven3.9.8--repository/org/elasticsearch/elasticsearch-secure-sm/7.12.1/elasticsearch-secure-sm-7.12.1.jar:/Users/yuyayong/.m2/maven3.9.8--repository/org/elasticsearch/elasticsearch-x-content/7.12.1/elasticsearch-x-content-7.12.1.jar:/Users/yuyayong/.m2/maven3.9.8--repository/com/fasterxml/jackson/dataformat/jackson-dataformat-smile/2.11.4/jackson-dataformat-smile-2.11.4.jar:/Users/yuyayong/.m2/maven3.9.8--repository/com/fasterxml/jackson/dataformat/jackson-dataformat-yaml/2.11.4/jackson-dataformat-yaml-2.11.4.jar:/Users/yuyayong/.m2/maven3.9.8--repository/com/fasterxml/jackson/dataformat/jackson-dataformat-cbor/2.11.4/jackson-dataformat-cbor-2.11.4.jar:/Users/yuyayong/.m2/maven3.9.8--repository/org/elasticsearch/elasticsearch-geo/7.12.1/elasticsearch-geo-7.12.1.jar:/Users/yuyayong/.m2/maven3.9.8--repository/org/apache/lucene/lucene-core/8.8.0/lucene-core-8.8.0.jar:/Users/yuyayong/.m2/maven3.9.8--repository/org/apache/lucene/lucene-analyzers-common/8.8.0/lucene-analyzers-common-8.8.0.jar:/Users/yuyayong/.m2/maven3.9.8--repository/org/apache/lucene/lucene-backward-codecs/8.8.0/lucene-backward-codecs-8.8.0.jar:/Users/yuyayong/.m2/maven3.9.8--repository/org/apache/lucene/lucene-grouping/8.8.0/lucene-grouping-8.8.0.jar:/Users/yuyayong/.m2/maven3.9.8--repository/org/apache/lucene/lucene-highlighter/8.8.0/lucene-highlighter-8.8.0.jar:/Users/yuyayong/.m2/maven3.9.8--repository/org/apache/lucene/lucene-join/8.8.0/lucene-join-8.8.0.jar:/Users/yuyayong/.m2/maven3.9.8--repository/org/apache/lucene/lucene-memory/8.8.0/lucene-memory-8.8.0.jar:/Users/yuyayong/.m2/maven3.9.8--repository/org/apache/lucene/lucene-misc/8.8.0/lucene-misc-8.8.0.jar:/Users/yuyayong/.m2/maven3.9.8--repository/org/apache/lucene/lucene-queries/8.8.0/lucene-queries-8.8.0.jar:/Users/yuyayong/.m2/maven3.9.8--repository/org/apache/lucene/lucene-queryparser/8.8.0/lucene-queryparser-8.8.0.jar:/Users/yuyayong/.m2/maven3.9.8--repository/org/apache/lucene/lucene-sandbox/8.8.0/lucene-sandbox-8.8.0.jar:/Users/yuyayong/.m2/maven3.9.8--repository/org/apache/lucene/lucene-spatial-extras/8.8.0/lucene-spatial-extras-8.8.0.jar:/Users/yuyayong/.m2/maven3.9.8--repository/org/apache/lucene/lucene-spatial3d/8.8.0/lucene-spatial3d-8.8.0.jar:/Users/yuyayong/.m2/maven3.9.8--repository/org/apache/lucene/lucene-suggest/8.8.0/lucene-suggest-8.8.0.jar:/Users/yuyayong/.m2/maven3.9.8--repository/org/elasticsearch/elasticsearch-cli/7.12.1/elasticsearch-cli-7.12.1.jar:/Users/yuyayong/.m2/maven3.9.8--repository/net/sf/jopt-simple/jopt-simple/5.0.2/jopt-simple-5.0.2.jar:/Users/yuyayong/.m2/maven3.9.8--repository/com/carrotsearch/hppc/0.8.1/hppc-0.8.1.jar:/Users/yuyayong/.m2/maven3.9.8--repository/joda-time/joda-time/2.10.4/joda-time-2.10.4.jar:/Users/yuyayong/.m2/maven3.9.8--repository/com/tdunning/t-digest/3.2/t-digest-3.2.jar:/Users/yuyayong/.m2/maven3.9.8--repository/org/hdrhistogram/HdrHistogram/2.1.9/HdrHistogram-2.1.9.jar:/Users/yuyayong/.m2/maven3.9.8--repository/org/apache/logging/log4j/log4j-api/2.13.3/log4j-api-2.13.3.jar:/Users/yuyayong/.m2/maven3.9.8--repository/org/elasticsearch/jna/5.7.0-1/jna-5.7.0-1.jar:/Users/yuyayong/.m2/maven3.9.8--repository/org/elasticsearch/elasticsearch-plugin-classloader/7.12.1/elasticsearch-plugin-classloader-7.12.1.jar:/Users/yuyayong/.m2/maven3.9.8--repository/org/elasticsearch/client/elasticsearch-rest-client/7.12.1/elasticsearch-rest-client-7.12.1.jar:/Users/yuyayong/.m2/maven3.9.8--repository/org/apache/httpcomponents/httpclient/4.5.13/httpclient-4.5.13.jar:/Users/yuyayong/.m2/maven3.9.8--repository/org/apache/httpcomponents/httpcore/4.4.14/httpcore-4.4.14.jar:/Users/yuyayong/.m2/maven3.9.8--repository/org/apache/httpcomponents/httpasyncclient/4.1.4/httpasyncclient-4.1.4.jar:/Users/yuyayong/.m2/maven3.9.8--repository/org/apache/httpcomponents/httpcore-nio/4.4.14/httpcore-nio-4.4.14.jar:/Users/yuyayong/.m2/maven3.9.8--repository/commons-codec/commons-codec/1.14/commons-codec-1.14.jar:/Users/yuyayong/.m2/maven3.9.8--repository/org/elasticsearch/plugin/mapper-extras-client/7.12.1/mapper-extras-client-7.12.1.jar:/Users/yuyayong/.m2/maven3.9.8--repository/org/elasticsearch/plugin/parent-join-client/7.12.1/parent-join-client-7.12.1.jar:/Users/yuyayong/.m2/maven3.9.8--repository/org/elasticsearch/plugin/aggs-matrix-stats-client/7.12.1/aggs-matrix-stats-client-7.12.1.jar:/Users/yuyayong/.m2/maven3.9.8--repository/org/elasticsearch/plugin/rank-eval-client/7.12.1/rank-eval-client-7.12.1.jar:/Users/yuyayong/.m2/maven3.9.8--repository/org/elasticsearch/plugin/lang-mustache-client/7.12.1/lang-mustache-client-7.12.1.jar:/Users/yuyayong/.m2/maven3.9.8--repository/com/github/spullara/mustache/java/compiler/0.9.6/compiler-0.9.6.jar:"/>
    <property name="sun.cpu.endian" value="little"/>
    <property name="user.home" value="/Users/yuyayong"/>
    <property name="user.language" value="zh"/>
    <property name="java.specification.vendor" value="Oracle Corporation"/>
    <property name="java.home" value="/Library/Java/JavaVirtualMachines/jdk-1.8.jdk/Contents/Home/jre"/>
    <property name="basedir" value="/Users/yuyayong/Documents/study/javaES/hotel-demo"/>
    <property name="file.separator" value="/"/>
    <property name="line.separator" value="&#10;"/>
    <property name="java.vm.specification.vendor" value="Oracle Corporation"/>
    <property name="java.specification.name" value="Java Platform API Specification"/>
    <property name="java.awt.graphicsenv" value="sun.awt.CGraphicsEnvironment"/>
    <property name="surefire.real.class.path" value="/Users/yuyayong/Documents/study/javaES/hotel-demo/target/surefire/surefirebooter5333690895984947172.jar"/>
    <property name="sun.boot.class.path" value="/Library/Java/JavaVirtualMachines/jdk-1.8.jdk/Contents/Home/jre/lib/resources.jar:/Library/Java/JavaVirtualMachines/jdk-1.8.jdk/Contents/Home/jre/lib/rt.jar:/Library/Java/JavaVirtualMachines/jdk-1.8.jdk/Contents/Home/jre/lib/jsse.jar:/Library/Java/JavaVirtualMachines/jdk-1.8.jdk/Contents/Home/jre/lib/jce.jar:/Library/Java/JavaVirtualMachines/jdk-1.8.jdk/Contents/Home/jre/lib/charsets.jar:/Library/Java/JavaVirtualMachines/jdk-1.8.jdk/Contents/Home/jre/lib/jfr.jar:/Library/Java/JavaVirtualMachines/jdk-1.8.jdk/Contents/Home/jre/classes"/>
    <property name="sun.management.compiler" value="HotSpot 64-Bit Tiered Compilers"/>
    <property name="java.runtime.version" value="1.8.0_421-b09"/>
    <property name="user.name" value="yuyayong"/>
    <property name="path.separator" value=":"/>
    <property name="os.version" value="15.1.1"/>
    <property name="java.endorsed.dirs" value="/Library/Java/JavaVirtualMachines/jdk-1.8.jdk/Contents/Home/jre/lib/endorsed"/>
    <property name="java.runtime.name" value="Java(TM) SE Runtime Environment"/>
    <property name="file.encoding" value="UTF-8"/>
    <property name="java.vm.name" value="Java HotSpot(TM) 64-Bit Server VM"/>
    <property name="localRepository" value="/Users/yuyayong/.m2/maven3.9.8--repository"/>
    <property name="java.vendor.url.bug" value="http://bugreport.sun.com/bugreport/"/>
    <property name="java.io.tmpdir" value="/var/folders/h8/_8568t0173bbdj146624vns40000gn/T/"/>
    <property name="idea.version" value="2024.1.2"/>
    <property name="java.version" value="1.8.0_421"/>
    <property name="user.dir" value="/Users/yuyayong/Documents/study/javaES/hotel-demo"/>
    <property name="os.arch" value="aarch64"/>
    <property name="java.vm.specification.name" value="Java Virtual Machine Specification"/>
    <property name="java.awt.printerjob" value="sun.lwawt.macosx.CPrinterJob"/>
    <property name="sun.os.patch.level" value="unknown"/>
    <property name="java.library.path" value="/Users/yuyayong/Library/Java/Extensions:/Library/Java/Extensions:/Network/Library/Java/Extensions:/System/Library/Java/Extensions:/usr/lib/java:."/>
    <property name="java.vm.info" value="mixed mode"/>
    <property name="java.vendor" value="Oracle Corporation"/>
    <property name="java.vm.version" value="25.421-b09"/>
    <property name="java.specification.maintenance.version" value="5"/>
    <property name="java.ext.dirs" value="/Users/yuyayong/Library/Java/Extensions:/Library/Java/JavaVirtualMachines/jdk-1.8.jdk/Contents/Home/jre/lib/ext:/Library/Java/Extensions:/Network/Library/Java/Extensions:/System/Library/Java/Extensions:/usr/lib/java"/>
    <property name="sun.io.unicode.encoding" value="UnicodeBig"/>
    <property name="maven.repo.local" value="/Users/yuyayong/.m2/maven3.9.8--repository"/>
    <property name="java.class.version" value="52.0"/>
  </properties>
  <testcase name="test01" classname="cn.itcast.hotel.HotelDemoApplicationTests" time="0.003">
    <error message="Failed to load ApplicationContext" type="java.lang.IllegalStateException">java.lang.IllegalStateException: Failed to load ApplicationContext
Caused by: org.springframework.beans.factory.BeanCreationException: Error creating bean with name 'restHighLevelClient' defined in cn.itcast.hotel.HotelDemoApplication: Bean instantiation via factory method failed; nested exception is org.springframework.beans.BeanInstantiationException: Failed to instantiate [org.elasticsearch.client.RestHighLevelClient]: Factory method 'restHighLevelClient' threw exception; nested exception is java.lang.IllegalArgumentException: Illegal base64 character 2e
Caused by: org.springframework.beans.BeanInstantiationException: Failed to instantiate [org.elasticsearch.client.RestHighLevelClient]: Factory method 'restHighLevelClient' threw exception; nested exception is java.lang.IllegalArgumentException: Illegal base64 character 2e
Caused by: java.lang.IllegalArgumentException: Illegal base64 character 2e
</error>
    <system-out><![CDATA[11-29 20:38:27.336 [main] INFO  o.s.b.t.context.SpringBootTestContextBootstrapper - Neither @ContextConfiguration nor @ContextHierarchy found for test class [cn.itcast.hotel.HotelDemoApplicationTests], using SpringBootContextLoader
11-29 20:38:27.339 [main] INFO  o.s.test.context.support.AbstractContextLoader - Could not detect default resource locations for test class [cn.itcast.hotel.HotelDemoApplicationTests]: no resource found for suffixes {-context.xml, Context.groovy}.
11-29 20:38:27.339 [main] INFO  o.s.t.c.support.AnnotationConfigContextLoaderUtils - Could not detect default configuration classes for test class [cn.itcast.hotel.HotelDemoApplicationTests]: HotelDemoApplicationTests does not declare any static, non-private, non-final, nested classes annotated with @Configuration.
11-29 20:38:27.396 [main] INFO  o.s.b.t.context.SpringBootTestContextBootstrapper - Found @SpringBootConfiguration cn.itcast.hotel.HotelDemoApplication for test class cn.itcast.hotel.HotelDemoApplicationTests
11-29 20:38:27.448 [main] INFO  o.s.b.t.context.SpringBootTestContextBootstrapper - Loaded default TestExecutionListener class names from location [META-INF/spring.factories]: [org.springframework.boot.test.mock.mockito.MockitoTestExecutionListener, org.springframework.boot.test.mock.mockito.ResetMocksTestExecutionListener, org.springframework.boot.test.autoconfigure.restdocs.RestDocsTestExecutionListener, org.springframework.boot.test.autoconfigure.web.client.MockRestServiceServerResetTestExecutionListener, org.springframework.boot.test.autoconfigure.web.servlet.MockMvcPrintOnlyOnFailureTestExecutionListener, org.springframework.boot.test.autoconfigure.web.servlet.WebDriverTestExecutionListener, org.springframework.boot.test.autoconfigure.webservices.client.MockWebServiceServerTestExecutionListener, org.springframework.test.context.web.ServletTestExecutionListener, org.springframework.test.context.support.DirtiesContextBeforeModesTestExecutionListener, org.springframework.test.context.support.DependencyInjectionTestExecutionListener, org.springframework.test.context.support.DirtiesContextTestExecutionListener, org.springframework.test.context.transaction.TransactionalTestExecutionListener, org.springframework.test.context.jdbc.SqlScriptsTestExecutionListener, org.springframework.test.context.event.EventPublishingTestExecutionListener]
11-29 20:38:27.457 [main] INFO  o.s.b.t.context.SpringBootTestContextBootstrapper - Using TestExecutionListeners: [org.springframework.test.context.web.ServletTestExecutionListener@25e2a451, org.springframework.test.context.support.DirtiesContextBeforeModesTestExecutionListener@1698ee84, org.springframework.boot.test.mock.mockito.MockitoTestExecutionListener@10c626be, org.springframework.boot.test.autoconfigure.SpringBootDependencyInjectionTestExecutionListener@2fc0cc3, org.springframework.test.context.support.DirtiesContextTestExecutionListener@328cf0e1, org.springframework.test.context.transaction.TransactionalTestExecutionListener@63b1d4fa, org.springframework.test.context.jdbc.SqlScriptsTestExecutionListener@42e3ede4, org.springframework.test.context.event.EventPublishingTestExecutionListener@201b6b6f, org.springframework.boot.test.mock.mockito.ResetMocksTestExecutionListener@75459c75, org.springframework.boot.test.autoconfigure.restdocs.RestDocsTestExecutionListener@183e8023, org.springframework.boot.test.autoconfigure.web.client.MockRestServiceServerResetTestExecutionListener@45efc20d, org.springframework.boot.test.autoconfigure.web.servlet.MockMvcPrintOnlyOnFailureTestExecutionListener@3e5499cc, org.springframework.boot.test.autoconfigure.web.servlet.WebDriverTestExecutionListener@67ab1c47, org.springframework.boot.test.autoconfigure.webservices.client.MockWebServiceServerTestExecutionListener@b78a709]

  .   ____          _            __ _ _
 /\\ / ___'_ __ _ _(_)_ __  __ _ \ \ \ \
( ( )\___ | '_ | '_| | '_ \/ _` | \ \ \ \
 \\/  ___)| |_)| | | | | || (_| |  ) ) ) )
  '  |____| .__|_| |_|_| |_\__, | / / / /
 =========|_|==============|___/=/_/_/_/
 :: Spring Boot ::       (v2.3.10.RELEASE)

11-29 20:38:27.588 [main] INFO  cn.itcast.hotel.HotelDemoApplicationTests - Starting HotelDemoApplicationTests on yuyayongdeMacBook-Pro.local with PID 27968 (started by yuyayong in /Users/yuyayong/Documents/study/javaES/hotel-demo)
11-29 20:38:27.589 [main] DEBUG cn.itcast.hotel.HotelDemoApplicationTests - Running with Spring Boot v2.3.10.RELEASE, Spring v5.2.14.RELEASE
11-29 20:38:27.589 [main] INFO  cn.itcast.hotel.HotelDemoApplicationTests - No active profile set, falling back to default profiles: default
 _ _   |_  _ _|_. ___ _ |    _ 
| | |\/|_)(_| | |_\  |_)||_|_\ 
     /               |         
                        3.4.2 
11-29 20:38:28.224 [main] WARN  o.s.w.context.support.GenericWebApplicationContext - Exception encountered during context initialization - cancelling refresh attempt: org.springframework.beans.factory.BeanCreationException: Error creating bean with name 'restHighLevelClient' defined in cn.itcast.hotel.HotelDemoApplication: Bean instantiation via factory method failed; nested exception is org.springframework.beans.BeanInstantiationException: Failed to instantiate [org.elasticsearch.client.RestHighLevelClient]: Factory method 'restHighLevelClient' threw exception; nested exception is java.lang.IllegalArgumentException: Illegal base64 character 2e
11-29 20:38:28.228 [main] INFO  o.s.b.a.l.ConditionEvaluationReportLoggingListener - 

Error starting ApplicationContext. To display the conditions report re-run your application with 'debug' enabled.
11-29 20:38:28.238 [main] ERROR org.springframework.boot.SpringApplication - Application run failed
org.springframework.beans.factory.BeanCreationException: Error creating bean with name 'restHighLevelClient' defined in cn.itcast.hotel.HotelDemoApplication: Bean instantiation via factory method failed; nested exception is org.springframework.beans.BeanInstantiationException: Failed to instantiate [org.elasticsearch.client.RestHighLevelClient]: Factory method 'restHighLevelClient' threw exception; nested exception is java.lang.IllegalArgumentException: Illegal base64 character 2e
	at org.springframework.beans.factory.support.ConstructorResolver.instantiate(ConstructorResolver.java:657)
	at org.springframework.beans.factory.support.ConstructorResolver.instantiateUsingFactoryMethod(ConstructorResolver.java:485)
	at org.springframework.beans.factory.support.AbstractAutowireCapableBeanFactory.instantiateUsingFactoryMethod(AbstractAutowireCapableBeanFactory.java:1341)
	at org.springframework.beans.factory.support.AbstractAutowireCapableBeanFactory.createBeanInstance(AbstractAutowireCapableBeanFactory.java:1181)
	at org.springframework.beans.factory.support.AbstractAutowireCapableBeanFactory.doCreateBean(AbstractAutowireCapableBeanFactory.java:556)
	at org.springframework.beans.factory.support.AbstractAutowireCapableBeanFactory.createBean(AbstractAutowireCapableBeanFactory.java:516)
	at org.springframework.beans.factory.support.AbstractBeanFactory.lambda$doGetBean$0(AbstractBeanFactory.java:324)
	at org.springframework.beans.factory.support.DefaultSingletonBeanRegistry.getSingleton(DefaultSingletonBeanRegistry.java:234)
	at org.springframework.beans.factory.support.AbstractBeanFactory.doGetBean(AbstractBeanFactory.java:322)
	at org.springframework.beans.factory.support.AbstractBeanFactory.getBean(AbstractBeanFactory.java:202)
	at org.springframework.beans.factory.support.DefaultListableBeanFactory.preInstantiateSingletons(DefaultListableBeanFactory.java:897)
	at org.springframework.context.support.AbstractApplicationContext.finishBeanFactoryInitialization(AbstractApplicationContext.java:879)
	at org.springframework.context.support.AbstractApplicationContext.refresh(AbstractApplicationContext.java:551)
	at org.springframework.boot.SpringApplication.refresh(SpringApplication.java:755)
	at org.springframework.boot.SpringApplication.refresh(SpringApplication.java:747)
	at org.springframework.boot.SpringApplication.refreshContext(SpringApplication.java:402)
	at org.springframework.boot.SpringApplication.run(SpringApplication.java:312)
	at org.springframework.boot.test.context.SpringBootContextLoader.loadContext(SpringBootContextLoader.java:120)
	at org.springframework.test.context.cache.DefaultCacheAwareContextLoaderDelegate.loadContextInternal(DefaultCacheAwareContextLoaderDelegate.java:99)
	at org.springframework.test.context.cache.DefaultCacheAwareContextLoaderDelegate.loadContext(DefaultCacheAwareContextLoaderDelegate.java:124)
	at org.springframework.test.context.support.DefaultTestContext.getApplicationContext(DefaultTestContext.java:123)
	at org.springframework.test.context.web.ServletTestExecutionListener.setUpRequestContextIfNecessary(ServletTestExecutionListener.java:190)
	at org.springframework.test.context.web.ServletTestExecutionListener.prepareTestInstance(ServletTestExecutionListener.java:132)
	at org.springframework.test.context.TestContextManager.prepareTestInstance(TestContextManager.java:244)
	at org.springframework.test.context.junit.jupiter.SpringExtension.postProcessTestInstance(SpringExtension.java:98)
	at org.junit.jupiter.engine.descriptor.ClassBasedTestDescriptor.lambda$invokeTestInstancePostProcessors$5(ClassBasedTestDescriptor.java:341)
	at org.junit.jupiter.engine.descriptor.ClassBasedTestDescriptor.executeAndMaskThrowable(ClassBasedTestDescriptor.java:346)
	at org.junit.jupiter.engine.descriptor.ClassBasedTestDescriptor.lambda$invokeTestInstancePostProcessors$6(ClassBasedTestDescriptor.java:341)
	at java.util.stream.ReferencePipeline$3$1.accept(ReferencePipeline.java:193)
	at java.util.stream.ReferencePipeline$2$1.accept(ReferencePipeline.java:175)
	at java.util.ArrayList$ArrayListSpliterator.forEachRemaining(ArrayList.java:1384)
	at java.util.stream.AbstractPipeline.copyInto(AbstractPipeline.java:482)
	at java.util.stream.AbstractPipeline.wrapAndCopyInto(AbstractPipeline.java:472)
	at java.util.stream.StreamSpliterators$WrappingSpliterator.forEachRemaining(StreamSpliterators.java:312)
	at java.util.stream.Streams$ConcatSpliterator.forEachRemaining(Streams.java:743)
	at java.util.stream.Streams$ConcatSpliterator.forEachRemaining(Streams.java:742)
	at java.util.stream.ReferencePipeline$Head.forEach(ReferencePipeline.java:580)
	at org.junit.jupiter.engine.descriptor.ClassBasedTestDescriptor.invokeTestInstancePostProcessors(ClassBasedTestDescriptor.java:340)
	at org.junit.jupiter.engine.descriptor.ClassBasedTestDescriptor.instantiateAndPostProcessTestInstance(ClassBasedTestDescriptor.java:263)
	at org.junit.jupiter.engine.descriptor.ClassBasedTestDescriptor.lambda$testInstancesProvider$2(ClassBasedTestDescriptor.java:256)
	at java.util.Optional.orElseGet(Optional.java:267)
	at org.junit.jupiter.engine.descriptor.ClassBasedTestDescriptor.lambda$testInstancesProvider$3(ClassBasedTestDescriptor.java:255)
	at org.junit.jupiter.engine.execution.TestInstancesProvider.getTestInstances(TestInstancesProvider.java:29)
	at org.junit.jupiter.engine.descriptor.TestMethodTestDescriptor.lambda$prepare$0(TestMethodTestDescriptor.java:108)
	at org.junit.platform.engine.support.hierarchical.ThrowableCollector.execute(ThrowableCollector.java:73)
	at org.junit.jupiter.engine.descriptor.TestMethodTestDescriptor.prepare(TestMethodTestDescriptor.java:107)
	at org.junit.jupiter.engine.descriptor.TestMethodTestDescriptor.prepare(TestMethodTestDescriptor.java:71)
	at org.junit.platform.engine.support.hierarchical.NodeTestTask.lambda$prepare$1(NodeTestTask.java:107)
	at org.junit.platform.engine.support.hierarchical.ThrowableCollector.execute(ThrowableCollector.java:73)
	at org.junit.platform.engine.support.hierarchical.NodeTestTask.prepare(NodeTestTask.java:107)
	at org.junit.platform.engine.support.hierarchical.NodeTestTask.execute(NodeTestTask.java:75)
	at java.util.ArrayList.forEach(ArrayList.java:1259)
	at org.junit.platform.engine.support.hierarchical.SameThreadHierarchicalTestExecutorService.invokeAll(SameThreadHierarchicalTestExecutorService.java:38)
	at org.junit.platform.engine.support.hierarchical.NodeTestTask.lambda$executeRecursively$5(NodeTestTask.java:139)
	at org.junit.platform.engine.support.hierarchical.ThrowableCollector.execute(ThrowableCollector.java:73)
	at org.junit.platform.engine.support.hierarchical.NodeTestTask.lambda$executeRecursively$7(NodeTestTask.java:125)
	at org.junit.platform.engine.support.hierarchical.Node.around(Node.java:135)
	at org.junit.platform.engine.support.hierarchical.NodeTestTask.lambda$executeRecursively$8(NodeTestTask.java:123)
	at org.junit.platform.engine.support.hierarchical.ThrowableCollector.execute(ThrowableCollector.java:73)
	at org.junit.platform.engine.support.hierarchical.NodeTestTask.executeRecursively(NodeTestTask.java:122)
	at org.junit.platform.engine.support.hierarchical.NodeTestTask.execute(NodeTestTask.java:80)
	at java.util.ArrayList.forEach(ArrayList.java:1259)
	at org.junit.platform.engine.support.hierarchical.SameThreadHierarchicalTestExecutorService.invokeAll(SameThreadHierarchicalTestExecutorService.java:38)
	at org.junit.platform.engine.support.hierarchical.NodeTestTask.lambda$executeRecursively$5(NodeTestTask.java:139)
	at org.junit.platform.engine.support.hierarchical.ThrowableCollector.execute(ThrowableCollector.java:73)
	at org.junit.platform.engine.support.hierarchical.NodeTestTask.lambda$executeRecursively$7(NodeTestTask.java:125)
	at org.junit.platform.engine.support.hierarchical.Node.around(Node.java:135)
	at org.junit.platform.engine.support.hierarchical.NodeTestTask.lambda$executeRecursively$8(NodeTestTask.java:123)
	at org.junit.platform.engine.support.hierarchical.ThrowableCollector.execute(ThrowableCollector.java:73)
	at org.junit.platform.engine.support.hierarchical.NodeTestTask.executeRecursively(NodeTestTask.java:122)
	at org.junit.platform.engine.support.hierarchical.NodeTestTask.execute(NodeTestTask.java:80)
	at org.junit.platform.engine.support.hierarchical.SameThreadHierarchicalTestExecutorService.submit(SameThreadHierarchicalTestExecutorService.java:32)
	at org.junit.platform.engine.support.hierarchical.HierarchicalTestExecutor.execute(HierarchicalTestExecutor.java:57)
	at org.junit.platform.engine.support.hierarchical.HierarchicalTestEngine.execute(HierarchicalTestEngine.java:51)
	at org.junit.platform.launcher.core.DefaultLauncher.execute(DefaultLauncher.java:220)
	at org.junit.platform.launcher.core.DefaultLauncher.lambda$execute$6(DefaultLauncher.java:188)
	at org.junit.platform.launcher.core.DefaultLauncher.withInterceptedStreams(DefaultLauncher.java:202)
	at org.junit.platform.launcher.core.DefaultLauncher.execute(DefaultLauncher.java:181)
	at org.junit.platform.launcher.core.DefaultLauncher.execute(DefaultLauncher.java:128)
	at org.apache.maven.surefire.junitplatform.JUnitPlatformProvider.invokeAllTests(JUnitPlatformProvider.java:150)
	at org.apache.maven.surefire.junitplatform.JUnitPlatformProvider.invoke(JUnitPlatformProvider.java:124)
	at org.apache.maven.surefire.booter.ForkedBooter.invokeProviderInSameClassLoader(ForkedBooter.java:384)
	at org.apache.maven.surefire.booter.ForkedBooter.runSuitesInProcess(ForkedBooter.java:345)
	at org.apache.maven.surefire.booter.ForkedBooter.execute(ForkedBooter.java:126)
	at org.apache.maven.surefire.booter.ForkedBooter.main(ForkedBooter.java:418)
Caused by: org.springframework.beans.BeanInstantiationException: Failed to instantiate [org.elasticsearch.client.RestHighLevelClient]: Factory method 'restHighLevelClient' threw exception; nested exception is java.lang.IllegalArgumentException: Illegal base64 character 2e
	at org.springframework.beans.factory.support.SimpleInstantiationStrategy.instantiate(SimpleInstantiationStrategy.java:185)
	at org.springframework.beans.factory.support.ConstructorResolver.instantiate(ConstructorResolver.java:652)
	... 84 common frames omitted
Caused by: java.lang.IllegalArgumentException: Illegal base64 character 2e
	at java.util.Base64$Decoder.decode0(Base64.java:714)
	at java.util.Base64$Decoder.decode(Base64.java:526)
	at java.util.Base64$Decoder.decode(Base64.java:549)
	at org.elasticsearch.client.RestClient.builder(RestClient.java:152)
	at cn.itcast.hotel.HotelDemoApplication.restHighLevelClient(HotelDemoApplication.java:20)
	at cn.itcast.hotel.HotelDemoApplication$$EnhancerBySpringCGLIB$$62a1e90b.CGLIB$restHighLevelClient$0(<generated>)
	at cn.itcast.hotel.HotelDemoApplication$$EnhancerBySpringCGLIB$$62a1e90b$$FastClassBySpringCGLIB$$cbf65a17.invoke(<generated>)
	at org.springframework.cglib.proxy.MethodProxy.invokeSuper(MethodProxy.java:244)
	at org.springframework.context.annotation.ConfigurationClassEnhancer$BeanMethodInterceptor.intercept(ConfigurationClassEnhancer.java:331)
	at cn.itcast.hotel.HotelDemoApplication$$EnhancerBySpringCGLIB$$62a1e90b.restHighLevelClient(<generated>)
	at sun.reflect.NativeMethodAccessorImpl.invoke0(Native Method)
	at sun.reflect.NativeMethodAccessorImpl.invoke(NativeMethodAccessorImpl.java:62)
	at sun.reflect.DelegatingMethodAccessorImpl.invoke(DelegatingMethodAccessorImpl.java:43)
	at java.lang.reflect.Method.invoke(Method.java:498)
	at org.springframework.beans.factory.support.SimpleInstantiationStrategy.instantiate(SimpleInstantiationStrategy.java:154)
	... 85 common frames omitted
11-29 20:38:28.239 [main] ERROR o.springframework.test.context.TestContextManager - Caught exception while allowing TestExecutionListener [org.springframework.test.context.web.ServletTestExecutionListener@25e2a451] to prepare test instance [cn.itcast.hotel.HotelDemoApplicationTests@d5bb1c4]
java.lang.IllegalStateException: Failed to load ApplicationContext
	at org.springframework.test.context.cache.DefaultCacheAwareContextLoaderDelegate.loadContext(DefaultCacheAwareContextLoaderDelegate.java:132)
	at org.springframework.test.context.support.DefaultTestContext.getApplicationContext(DefaultTestContext.java:123)
	at org.springframework.test.context.web.ServletTestExecutionListener.setUpRequestContextIfNecessary(ServletTestExecutionListener.java:190)
	at org.springframework.test.context.web.ServletTestExecutionListener.prepareTestInstance(ServletTestExecutionListener.java:132)
	at org.springframework.test.context.TestContextManager.prepareTestInstance(TestContextManager.java:244)
	at org.springframework.test.context.junit.jupiter.SpringExtension.postProcessTestInstance(SpringExtension.java:98)
	at org.junit.jupiter.engine.descriptor.ClassBasedTestDescriptor.lambda$invokeTestInstancePostProcessors$5(ClassBasedTestDescriptor.java:341)
	at org.junit.jupiter.engine.descriptor.ClassBasedTestDescriptor.executeAndMaskThrowable(ClassBasedTestDescriptor.java:346)
	at org.junit.jupiter.engine.descriptor.ClassBasedTestDescriptor.lambda$invokeTestInstancePostProcessors$6(ClassBasedTestDescriptor.java:341)
	at java.util.stream.ReferencePipeline$3$1.accept(ReferencePipeline.java:193)
	at java.util.stream.ReferencePipeline$2$1.accept(ReferencePipeline.java:175)
	at java.util.ArrayList$ArrayListSpliterator.forEachRemaining(ArrayList.java:1384)
	at java.util.stream.AbstractPipeline.copyInto(AbstractPipeline.java:482)
	at java.util.stream.AbstractPipeline.wrapAndCopyInto(AbstractPipeline.java:472)
	at java.util.stream.StreamSpliterators$WrappingSpliterator.forEachRemaining(StreamSpliterators.java:312)
	at java.util.stream.Streams$ConcatSpliterator.forEachRemaining(Streams.java:743)
	at java.util.stream.Streams$ConcatSpliterator.forEachRemaining(Streams.java:742)
	at java.util.stream.ReferencePipeline$Head.forEach(ReferencePipeline.java:580)
	at org.junit.jupiter.engine.descriptor.ClassBasedTestDescriptor.invokeTestInstancePostProcessors(ClassBasedTestDescriptor.java:340)
	at org.junit.jupiter.engine.descriptor.ClassBasedTestDescriptor.instantiateAndPostProcessTestInstance(ClassBasedTestDescriptor.java:263)
	at org.junit.jupiter.engine.descriptor.ClassBasedTestDescriptor.lambda$testInstancesProvider$2(ClassBasedTestDescriptor.java:256)
	at java.util.Optional.orElseGet(Optional.java:267)
	at org.junit.jupiter.engine.descriptor.ClassBasedTestDescriptor.lambda$testInstancesProvider$3(ClassBasedTestDescriptor.java:255)
	at org.junit.jupiter.engine.execution.TestInstancesProvider.getTestInstances(TestInstancesProvider.java:29)
	at org.junit.jupiter.engine.descriptor.TestMethodTestDescriptor.lambda$prepare$0(TestMethodTestDescriptor.java:108)
	at org.junit.platform.engine.support.hierarchical.ThrowableCollector.execute(ThrowableCollector.java:73)
	at org.junit.jupiter.engine.descriptor.TestMethodTestDescriptor.prepare(TestMethodTestDescriptor.java:107)
	at org.junit.jupiter.engine.descriptor.TestMethodTestDescriptor.prepare(TestMethodTestDescriptor.java:71)
	at org.junit.platform.engine.support.hierarchical.NodeTestTask.lambda$prepare$1(NodeTestTask.java:107)
	at org.junit.platform.engine.support.hierarchical.ThrowableCollector.execute(ThrowableCollector.java:73)
	at org.junit.platform.engine.support.hierarchical.NodeTestTask.prepare(NodeTestTask.java:107)
	at org.junit.platform.engine.support.hierarchical.NodeTestTask.execute(NodeTestTask.java:75)
	at java.util.ArrayList.forEach(ArrayList.java:1259)
	at org.junit.platform.engine.support.hierarchical.SameThreadHierarchicalTestExecutorService.invokeAll(SameThreadHierarchicalTestExecutorService.java:38)
	at org.junit.platform.engine.support.hierarchical.NodeTestTask.lambda$executeRecursively$5(NodeTestTask.java:139)
	at org.junit.platform.engine.support.hierarchical.ThrowableCollector.execute(ThrowableCollector.java:73)
	at org.junit.platform.engine.support.hierarchical.NodeTestTask.lambda$executeRecursively$7(NodeTestTask.java:125)
	at org.junit.platform.engine.support.hierarchical.Node.around(Node.java:135)
	at org.junit.platform.engine.support.hierarchical.NodeTestTask.lambda$executeRecursively$8(NodeTestTask.java:123)
	at org.junit.platform.engine.support.hierarchical.ThrowableCollector.execute(ThrowableCollector.java:73)
	at org.junit.platform.engine.support.hierarchical.NodeTestTask.executeRecursively(NodeTestTask.java:122)
	at org.junit.platform.engine.support.hierarchical.NodeTestTask.execute(NodeTestTask.java:80)
	at java.util.ArrayList.forEach(ArrayList.java:1259)
	at org.junit.platform.engine.support.hierarchical.SameThreadHierarchicalTestExecutorService.invokeAll(SameThreadHierarchicalTestExecutorService.java:38)
	at org.junit.platform.engine.support.hierarchical.NodeTestTask.lambda$executeRecursively$5(NodeTestTask.java:139)
	at org.junit.platform.engine.support.hierarchical.ThrowableCollector.execute(ThrowableCollector.java:73)
	at org.junit.platform.engine.support.hierarchical.NodeTestTask.lambda$executeRecursively$7(NodeTestTask.java:125)
	at org.junit.platform.engine.support.hierarchical.Node.around(Node.java:135)
	at org.junit.platform.engine.support.hierarchical.NodeTestTask.lambda$executeRecursively$8(NodeTestTask.java:123)
	at org.junit.platform.engine.support.hierarchical.ThrowableCollector.execute(ThrowableCollector.java:73)
	at org.junit.platform.engine.support.hierarchical.NodeTestTask.executeRecursively(NodeTestTask.java:122)
	at org.junit.platform.engine.support.hierarchical.NodeTestTask.execute(NodeTestTask.java:80)
	at org.junit.platform.engine.support.hierarchical.SameThreadHierarchicalTestExecutorService.submit(SameThreadHierarchicalTestExecutorService.java:32)
	at org.junit.platform.engine.support.hierarchical.HierarchicalTestExecutor.execute(HierarchicalTestExecutor.java:57)
	at org.junit.platform.engine.support.hierarchical.HierarchicalTestEngine.execute(HierarchicalTestEngine.java:51)
	at org.junit.platform.launcher.core.DefaultLauncher.execute(DefaultLauncher.java:220)
	at org.junit.platform.launcher.core.DefaultLauncher.lambda$execute$6(DefaultLauncher.java:188)
	at org.junit.platform.launcher.core.DefaultLauncher.withInterceptedStreams(DefaultLauncher.java:202)
	at org.junit.platform.launcher.core.DefaultLauncher.execute(DefaultLauncher.java:181)
	at org.junit.platform.launcher.core.DefaultLauncher.execute(DefaultLauncher.java:128)
	at org.apache.maven.surefire.junitplatform.JUnitPlatformProvider.invokeAllTests(JUnitPlatformProvider.java:150)
	at org.apache.maven.surefire.junitplatform.JUnitPlatformProvider.invoke(JUnitPlatformProvider.java:124)
	at org.apache.maven.surefire.booter.ForkedBooter.invokeProviderInSameClassLoader(ForkedBooter.java:384)
	at org.apache.maven.surefire.booter.ForkedBooter.runSuitesInProcess(ForkedBooter.java:345)
	at org.apache.maven.surefire.booter.ForkedBooter.execute(ForkedBooter.java:126)
	at org.apache.maven.surefire.booter.ForkedBooter.main(ForkedBooter.java:418)
Caused by: org.springframework.beans.factory.BeanCreationException: Error creating bean with name 'restHighLevelClient' defined in cn.itcast.hotel.HotelDemoApplication: Bean instantiation via factory method failed; nested exception is org.springframework.beans.BeanInstantiationException: Failed to instantiate [org.elasticsearch.client.RestHighLevelClient]: Factory method 'restHighLevelClient' threw exception; nested exception is java.lang.IllegalArgumentException: Illegal base64 character 2e
	at org.springframework.beans.factory.support.ConstructorResolver.instantiate(ConstructorResolver.java:657)
	at org.springframework.beans.factory.support.ConstructorResolver.instantiateUsingFactoryMethod(ConstructorResolver.java:485)
	at org.springframework.beans.factory.support.AbstractAutowireCapableBeanFactory.instantiateUsingFactoryMethod(AbstractAutowireCapableBeanFactory.java:1341)
	at org.springframework.beans.factory.support.AbstractAutowireCapableBeanFactory.createBeanInstance(AbstractAutowireCapableBeanFactory.java:1181)
	at org.springframework.beans.factory.support.AbstractAutowireCapableBeanFactory.doCreateBean(AbstractAutowireCapableBeanFactory.java:556)
	at org.springframework.beans.factory.support.AbstractAutowireCapableBeanFactory.createBean(AbstractAutowireCapableBeanFactory.java:516)
	at org.springframework.beans.factory.support.AbstractBeanFactory.lambda$doGetBean$0(AbstractBeanFactory.java:324)
	at org.springframework.beans.factory.support.DefaultSingletonBeanRegistry.getSingleton(DefaultSingletonBeanRegistry.java:234)
	at org.springframework.beans.factory.support.AbstractBeanFactory.doGetBean(AbstractBeanFactory.java:322)
	at org.springframework.beans.factory.support.AbstractBeanFactory.getBean(AbstractBeanFactory.java:202)
	at org.springframework.beans.factory.support.DefaultListableBeanFactory.preInstantiateSingletons(DefaultListableBeanFactory.java:897)
	at org.springframework.context.support.AbstractApplicationContext.finishBeanFactoryInitialization(AbstractApplicationContext.java:879)
	at org.springframework.context.support.AbstractApplicationContext.refresh(AbstractApplicationContext.java:551)
	at org.springframework.boot.SpringApplication.refresh(SpringApplication.java:755)
	at org.springframework.boot.SpringApplication.refresh(SpringApplication.java:747)
	at org.springframework.boot.SpringApplication.refreshContext(SpringApplication.java:402)
	at org.springframework.boot.SpringApplication.run(SpringApplication.java:312)
	at org.springframework.boot.test.context.SpringBootContextLoader.loadContext(SpringBootContextLoader.java:120)
	at org.springframework.test.context.cache.DefaultCacheAwareContextLoaderDelegate.loadContextInternal(DefaultCacheAwareContextLoaderDelegate.java:99)
	at org.springframework.test.context.cache.DefaultCacheAwareContextLoaderDelegate.loadContext(DefaultCacheAwareContextLoaderDelegate.java:124)
	... 65 common frames omitted
Caused by: org.springframework.beans.BeanInstantiationException: Failed to instantiate [org.elasticsearch.client.RestHighLevelClient]: Factory method 'restHighLevelClient' threw exception; nested exception is java.lang.IllegalArgumentException: Illegal base64 character 2e
	at org.springframework.beans.factory.support.SimpleInstantiationStrategy.instantiate(SimpleInstantiationStrategy.java:185)
	at org.springframework.beans.factory.support.ConstructorResolver.instantiate(ConstructorResolver.java:652)
	... 84 common frames omitted
Caused by: java.lang.IllegalArgumentException: Illegal base64 character 2e
	at java.util.Base64$Decoder.decode0(Base64.java:714)
	at java.util.Base64$Decoder.decode(Base64.java:526)
	at java.util.Base64$Decoder.decode(Base64.java:549)
	at org.elasticsearch.client.RestClient.builder(RestClient.java:152)
	at cn.itcast.hotel.HotelDemoApplication.restHighLevelClient(HotelDemoApplication.java:20)
	at cn.itcast.hotel.HotelDemoApplication$$EnhancerBySpringCGLIB$$62a1e90b.CGLIB$restHighLevelClient$0(<generated>)
	at cn.itcast.hotel.HotelDemoApplication$$EnhancerBySpringCGLIB$$62a1e90b$$FastClassBySpringCGLIB$$cbf65a17.invoke(<generated>)
	at org.springframework.cglib.proxy.MethodProxy.invokeSuper(MethodProxy.java:244)
	at org.springframework.context.annotation.ConfigurationClassEnhancer$BeanMethodInterceptor.intercept(ConfigurationClassEnhancer.java:331)
	at cn.itcast.hotel.HotelDemoApplication$$EnhancerBySpringCGLIB$$62a1e90b.restHighLevelClient(<generated>)
	at sun.reflect.NativeMethodAccessorImpl.invoke0(Native Method)
	at sun.reflect.NativeMethodAccessorImpl.invoke(NativeMethodAccessorImpl.java:62)
	at sun.reflect.DelegatingMethodAccessorImpl.invoke(DelegatingMethodAccessorImpl.java:43)
	at java.lang.reflect.Method.invoke(Method.java:498)
	at org.springframework.beans.factory.support.SimpleInstantiationStrategy.instantiate(SimpleInstantiationStrategy.java:154)
	... 85 common frames omitted
]]></system-out>
  </testcase>
</testsuite>